1/8/2026, 9:23:36 PM [INFO]: GET /dancerForm
1/9/2026, 5:51:22 PM [INFO]: GET /
1/9/2026, 5:51:22 PM [INFO]: GET /login
1/9/2026, 5:51:22 PM [INFO]: GET /Scripts/login.js
1/9/2026, 5:51:28 PM [INFO]: GET /
1/9/2026, 5:51:28 PM [INFO]: GET /login
1/9/2026, 5:51:28 PM [INFO]: GET /Scripts/login.js
1/9/2026, 5:51:29 PM [INFO]: GET /dancerForm
1/9/2026, 5:51:30 PM [INFO]: GET /dancerForm
1/9/2026, 5:51:33 PM [INFO]: GET /dancerForm
1/9/2026, 6:53:18 PM [INFO]: GET /dancerForm
1/9/2026, 7:08:59 PM [INFO]: GET /dancerForm
1/9/2026, 7:19:18 PM [INFO]: GET /dancerForm
1/9/2026, 7:22:34 PM [INFO]: GET /dancerForm
1/9/2026, 7:26:59 PM [INFO]: GET /dancerForm
1/9/2026, 7:29:23 PM [INFO]: GET /dancerForm
1/9/2026, 7:36:05 PM [INFO]: GET /dancerForm
1/9/2026, 7:37:03 PM [INFO]: GET /dancerForm
1/9/2026, 7:37:03 PM [INFO]: GET /Scripts/dancerForm.js
1/9/2026, 7:54:21 PM [INFO]: GET /dancerForm
1/9/2026, 7:54:21 PM [INFO]: GET /Scripts/dancerForm.js
1/9/2026, 7:56:02 PM [INFO]: GET /dancerForm
1/9/2026, 7:56:02 PM [INFO]: GET /Scripts/dancerForm.js
1/9/2026, 8:01:34 PM [INFO]: GET /dancerForm
1/9/2026, 8:01:34 PM [INFO]: GET /Scripts/dancerForm.js
1/9/2026, 8:02:09 PM [INFO]: GET /apple-touch-icon-precomposed.png
1/9/2026, 8:02:09 PM [INFO]: GET /apple-touch-icon.png
1/9/2026, 8:02:09 PM [INFO]: GET /favicon.ico
1/9/2026, 8:02:14 PM [INFO]: GET /dancerForm
1/9/2026, 8:02:14 PM [INFO]: GET /Scripts/dancerForm.js
1/9/2026, 8:02:15 PM [INFO]: GET /dancerForm
1/9/2026, 8:02:15 PM [INFO]: GET /Scripts/dancerForm.js
1/9/2026, 8:06:09 PM [INFO]: GET /dancerForm
1/9/2026, 8:06:10 PM [INFO]: GET /Scripts/dancerForm.js
1/9/2026, 8:08:37 PM [INFO]: GET /Scripts/dancerForm.js
1/9/2026, 8:18:58 PM [INFO]: GET /dancerForm
1/9/2026, 8:26:20 PM [INFO]: GET /dancerForm
1/9/2026, 8:26:20 PM [INFO]: GET /Users/lillianstafford/Desktop/WinterProject/public/scripts/dancerForm.js
1/9/2026, 8:39:02 PM [INFO]: GET /dancerForm
1/10/2026, 5:40:18 PM [INFO]: GET /
1/10/2026, 5:40:18 PM [INFO]: GET /login
1/10/2026, 5:40:18 PM [INFO]: GET /Scripts/login.js
1/10/2026, 5:40:23 PM [INFO]: GET /login
1/10/2026, 5:40:23 PM [INFO]: GET /Scripts/login.js
1/10/2026, 5:40:24 PM [INFO]: GET /dancerForm
1/10/2026, 5:40:31 PM [INFO]: GET /dancerForm
1/13/2026, 11:01:25 AM [INFO]: GET /
1/13/2026, 11:01:25 AM [INFO]: GET /dancerForm
1/13/2026, 11:01:26 AM [INFO]: GET /apple-touch-icon-precomposed.png
1/13/2026, 11:01:26 AM [INFO]: GET /apple-touch-icon.png
1/13/2026, 11:01:32 AM [INFO]: GET /
1/13/2026, 11:01:32 AM [INFO]: GET /dancerForm
1/13/2026, 11:01:44 AM [INFO]: GET /
1/13/2026, 11:01:44 AM [INFO]: GET /dancerForm
1/13/2026, 11:01:45 AM [INFO]: GET /login
1/13/2026, 11:01:45 AM [INFO]: GET /Scripts/login.js
1/13/2026, 11:02:22 AM [INFO]: GET /login
1/13/2026, 11:02:22 AM [INFO]: GET /Scripts/login.js
1/13/2026, 11:02:34 AM [INFO]: GET /login
1/13/2026, 11:02:34 AM [INFO]: GET /Scripts/login.js
1/13/2026, 11:03:53 AM [INFO]: GET /login
1/13/2026, 11:03:53 AM [INFO]: GET /Scripts/login.js
1/13/2026, 11:05:00 AM [INFO]: GET /login
1/13/2026, 11:05:02 AM [INFO]: GET /signup
1/13/2026, 11:06:01 AM [INFO]: GET /signup
1/13/2026, 11:08:11 AM [INFO]: GET /signup
1/13/2026, 11:08:14 AM [INFO]: GET /login
1/13/2026, 11:08:57 AM [INFO]: GET /login
1/13/2026, 11:09:24 AM [INFO]: GET /
1/13/2026, 11:09:24 AM [INFO]: GET /dancerForm
1/13/2026, 11:19:35 AM [INFO]: GET /login
1/13/2026, 11:19:35 AM [INFO]: GET /Scripts/login.js
1/13/2026, 11:19:40 AM [INFO]: GET /signup
1/13/2026, 11:19:59 AM [INFO]: GET /
1/13/2026, 11:19:59 AM [INFO]: GET /dancerForm
1/13/2026, 11:40:19 AM [INFO]: GET /dancerForm
1/13/2026, 11:40:21 AM [INFO]: GET /data/tempDanceList.pdf
1/13/2026, 11:40:33 AM [INFO]: GET /dancerForm
1/13/2026, 11:40:35 AM [INFO]: GET /data/tempDanceList.pdf
1/13/2026, 12:49:43 PM [INFO]: POST /submitDancerForm
1/13/2026, 12:52:40 PM [INFO]: GET /dancerForm
1/13/2026, 12:53:15 PM [INFO]: GET /dancerForm
1/13/2026, 12:53:36 PM [INFO]: GET /dancerForm
1/13/2026, 12:53:45 PM [INFO]: GET /dancerForm
1/13/2026, 12:53:57 PM [INFO]: GET /dancerForm
1/13/2026, 12:57:46 PM [INFO]: GET /dancerForm
1/13/2026, 12:58:43 PM [INFO]: GET /dancerForm
1/13/2026, 1:04:37 PM [INFO]: GET /dancerForm
1/13/2026, 1:08:31 PM [INFO]: GET /dancerForm
1/13/2026, 1:10:34 PM [INFO]: GET /dancerForm
1/13/2026, 1:22:46 PM [INFO]: GET /dancerForm
1/13/2026, 1:30:30 PM [INFO]: GET /dancerForm
1/13/2026, 1:58:46 PM [INFO]: GET /dancerForm
1/13/2026, 2:06:21 PM [INFO]: GET /dancerForm
1/13/2026, 2:13:55 PM [INFO]: GET /dancerForm
1/13/2026, 2:16:43 PM [INFO]: GET /dancerForm
1/13/2026, 2:20:46 PM [INFO]: GET /dancerForm
1/13/2026, 2:21:07 PM [INFO]: GET /dancerForm
1/13/2026, 2:21:09 PM [INFO]: GET /dancerForm
1/13/2026, 2:22:55 PM [INFO]: GET /dancerForm
1/13/2026, 2:23:47 PM [INFO]: GET /dancerForm
1/13/2026, 2:23:49 PM [INFO]: GET /dancerForm
1/13/2026, 2:24:35 PM [INFO]: GET /dancerForm
1/13/2026, 2:37:52 PM [INFO]: GET /dancerForm
1/13/2026, 3:12:04 PM [INFO]: GET /
1/13/2026, 3:12:04 PM [INFO]: GET /dancerForm
1/13/2026, 3:12:10 PM [INFO]: GET /dancerForm
1/13/2026, 3:12:10 PM [INFO]: GET /
1/13/2026, 3:12:10 PM [INFO]: GET /dancerForm
1/13/2026, 3:12:15 PM [INFO]: GET /prezHomepage
1/13/2026, 3:13:01 PM [INFO]: GET /prezHomepage
1/13/2026, 3:16:45 PM [INFO]: GET /prezHomepage
1/13/2026, 3:18:19 PM [INFO]: GET /prezHomepage
1/13/2026, 3:18:30 PM [INFO]: GET /dancerForm
1/13/2026, 3:27:54 PM [INFO]: GET /prezHomepage
1/13/2026, 3:35:21 PM [INFO]: GET /prezHomepage
1/13/2026, 3:35:59 PM [INFO]: GET /prezHomepage
1/13/2026, 3:36:28 PM [INFO]: GET /prezHomepage
1/13/2026, 3:38:08 PM [INFO]: GET /prezHomepage
1/13/2026, 3:38:39 PM [INFO]: GET /prezHomepage
1/13/2026, 3:38:54 PM [INFO]: GET /prezHomepage
1/13/2026, 3:39:11 PM [INFO]: GET /prezHomepage
1/13/2026, 3:39:27 PM [INFO]: GET /prezHomepage
1/13/2026, 3:41:23 PM [INFO]: GET /prezHomepage
1/13/2026, 3:47:20 PM [INFO]: GET /prezHomepage
1/13/2026, 3:48:10 PM [INFO]: GET /prezHomepage
1/13/2026, 3:48:46 PM [INFO]: GET /prezHomepage
1/13/2026, 3:50:35 PM [INFO]: GET /prezHomepage
1/13/2026, 3:52:19 PM [INFO]: GET /prezHomepage
1/13/2026, 4:01:30 PM [INFO]: GET /prezHomepage
1/16/2026, 1:08:01 PM [INFO]: GET /
1/16/2026, 1:08:01 PM [INFO]: GET /dancerForm
1/16/2026, 1:08:01 PM [INFO]: GET /favicon.ico
1/16/2026, 1:08:07 PM [INFO]: GET /prezHomepage
1/16/2026, 1:08:29 PM [INFO]: POST /addDance
1/16/2026, 1:10:16 PM [INFO]: GET /prezHomepage
1/16/2026, 1:10:23 PM [INFO]: POST /prezHomepage
1/16/2026, 1:10:23 PM [INFO]: GET /prezHomepage
1/16/2026, 1:21:31 PM [INFO]: GET /prezHomepage
1/16/2026, 1:24:25 PM [INFO]: GET /prezHomepage
1/16/2026, 1:27:46 PM [INFO]: GET /prezHomepage
1/16/2026, 1:27:49 PM [INFO]: POST /prezHomepage
1/16/2026, 1:27:49 PM [INFO]: GET /prezHomepage
1/16/2026, 1:35:49 PM [INFO]: GET /prezHomepage
1/16/2026, 1:35:55 PM [INFO]: GET /prezHomepage
1/16/2026, 1:36:18 PM [INFO]: GET /prezHomepage
1/16/2026, 1:36:26 PM [INFO]: POST /prezHomepage
1/16/2026, 1:36:26 PM [INFO]: GET /prezHomepage
1/16/2026, 1:36:28 PM [INFO]: POST /prezHomepage
1/16/2026, 1:36:28 PM [INFO]: GET /prezHomepage
1/16/2026, 1:37:18 PM [INFO]: GET /prezHomepage
1/16/2026, 1:37:21 PM [INFO]: POST /prezHomepage
1/16/2026, 1:37:21 PM [INFO]: GET /prezHomepage
1/16/2026, 1:39:51 PM [INFO]: GET /prezHomepage
1/16/2026, 1:40:01 PM [INFO]: POST /prezHomepage
1/16/2026, 1:40:01 PM [INFO]: GET /prezHomepage
1/16/2026, 1:41:16 PM [INFO]: GET /prezHomepage
1/16/2026, 1:41:31 PM [INFO]: POST /prezHomepage
1/16/2026, 1:41:31 PM [INFO]: GET /prezHomepage
1/16/2026, 1:45:07 PM [INFO]: GET /prezHomepage
1/16/2026, 1:46:29 PM [INFO]: GET /
1/16/2026, 1:46:29 PM [INFO]: GET /dancerForm
1/16/2026, 1:46:41 PM [INFO]: GET /prezHomepage
1/16/2026, 1:47:17 PM [INFO]: GET /prezHomepage
1/16/2026, 1:48:04 PM [INFO]: GET /prezHomepage
1/16/2026, 1:49:41 PM [INFO]: GET /prezHomepage
1/16/2026, 1:50:17 PM [INFO]: GET /prezHomepage
1/16/2026, 1:54:45 PM [INFO]: GET /prezHomepage
1/16/2026, 2:01:34 PM [INFO]: GET /prezHomepage
1/16/2026, 2:01:42 PM [INFO]: POST /prezHomepage
1/16/2026, 2:01:42 PM [INFO]: GET /prezHomepage
1/16/2026, 2:01:45 PM [INFO]: POST /prezHomepage
1/16/2026, 2:01:45 PM [INFO]: GET /prezHomepage
1/16/2026, 2:01:49 PM [INFO]: POST /prezHomepage
1/16/2026, 2:01:49 PM [INFO]: GET /prezHomepage
1/16/2026, 2:07:36 PM [INFO]: GET /prezHomepage
1/16/2026, 2:07:39 PM [INFO]: POST /removeDance
1/16/2026, 2:10:02 PM [INFO]: POST /removeDance
1/16/2026, 2:11:48 PM [INFO]: GET /
1/16/2026, 2:11:48 PM [INFO]: GET /dancerForm
1/16/2026, 2:11:50 PM [INFO]: GET /prezHomepage
1/16/2026, 2:11:56 PM [INFO]: GET /presidentHomepage
1/16/2026, 2:12:16 PM [INFO]: GET /
1/16/2026, 2:12:16 PM [INFO]: GET /dancerForm
1/16/2026, 2:12:23 PM [INFO]: GET /
1/16/2026, 2:12:23 PM [INFO]: GET /dancerForm
1/16/2026, 2:12:33 PM [INFO]: GET /prezHomepage
1/16/2026, 2:12:34 PM [INFO]: GET /prezHomepage
1/16/2026, 2:12:40 PM [INFO]: POST /removeDance
1/16/2026, 2:18:34 PM [INFO]: POST /removeDance
1/16/2026, 2:18:41 PM [INFO]: GET /
1/16/2026, 2:18:41 PM [INFO]: GET /dancerForm
1/16/2026, 2:18:54 PM [INFO]: GET /prezHomepage
1/16/2026, 2:18:59 PM [INFO]: GET /prezHomepage
1/16/2026, 2:19:52 PM [INFO]: POST /addDance
1/16/2026, 2:19:52 PM [INFO]: GET /prezHomepage
1/16/2026, 2:19:55 PM [INFO]: POST /removeDance
1/16/2026, 2:20:45 PM [INFO]: POST /removeDance
1/16/2026, 2:20:58 PM [INFO]: POST /removeDance
1/16/2026, 2:23:59 PM [INFO]: POST /removeDance
1/16/2026, 2:24:03 PM [INFO]: GET /
1/16/2026, 2:24:03 PM [INFO]: GET /prezHomepage
1/16/2026, 2:24:13 PM [INFO]: POST /addDance
1/16/2026, 2:24:13 PM [INFO]: GET /prezHomepage
1/16/2026, 2:24:16 PM [INFO]: POST /removeDance
1/16/2026, 2:31:24 PM [INFO]: GET /
1/16/2026, 2:31:24 PM [INFO]: GET /prezHomepage
1/16/2026, 2:31:32 PM [INFO]: POST /addDance
1/16/2026, 2:31:32 PM [INFO]: GET /prezHomepage
1/16/2026, 2:31:35 PM [INFO]: POST /removeDance
1/16/2026, 2:33:45 PM [INFO]: GET /prezHomepage
1/16/2026, 2:33:53 PM [INFO]: POST /removeDance
1/16/2026, 2:38:34 PM [INFO]: GET /
1/16/2026, 2:38:34 PM [INFO]: GET /prezHomepage
1/16/2026, 2:38:44 PM [INFO]: POST /addDance
1/16/2026, 2:38:44 PM [INFO]: GET /prezHomepage
1/16/2026, 2:38:47 PM [INFO]: POST /removeDance
1/16/2026, 2:38:47 PM [INFO]: GET /prezHomepage
1/16/2026, 2:39:39 PM [INFO]: GET /prezHomepage
1/16/2026, 2:39:56 PM [INFO]: POST /addDance
1/16/2026, 2:39:56 PM [INFO]: GET /prezHomepage
1/16/2026, 2:40:04 PM [INFO]: POST /removeDance
1/16/2026, 2:40:04 PM [INFO]: GET /prezHomepage
1/16/2026, 2:47:46 PM [INFO]: GET /prezHomepage
1/16/2026, 2:47:46 PM [INFO]: GET /css/login.css
